android/app/build/intermediates/manifest_merge_blame_file/debug/processDebugMainManifest/manifest-merger-blame-debug-report.txt
1<?xml version="1.0" encoding="utf-8"?>
2<manifest xmlns:android="http://schemas.android.com/apk/res/android"
3    package="com.deeptalk.app.deeptalk"
4    android:versionCode="1"
5    android:versionName="1.0.0" >
6
7    <uses-sdk
8        android:minSdkVersion="23"
9        android:targetSdkVersion="35" />
10    <!--
11         The INTERNET permission is required for development. Specifically,
12         the Flutter tool needs it to communicate with the running application
13         to allow setting breakpoints, to provide hot reload, etc.
14    -->
15    <uses-permission android:name="android.permission.INTERNET" />
15-->src\debug\AndroidManifest.xml:6:5-66
15-->src\debug\AndroidManifest.xml:6:22-64
16    <!--
17     Required to query activities that can process text, see:
18         https://developer.android.com/training/package-visibility and
19         https://developer.android.com/reference/android/content/Intent#ACTION_PROCESS_TEXT.
20
21         In particular, this is used by the Flutter engine in io.flutter.plugin.text.ProcessTextPlugin.
22    -->
23    <queries>
23-->src\main\AndroidManifest.xml:39:5-44:15
24        <intent>
24-->src\main\AndroidManifest.xml:40:9-43:18
25            <action android:name="android.intent.action.PROCESS_TEXT" />
25-->src\main\AndroidManifest.xml:41:13-72
25-->src\main\AndroidManifest.xml:41:21-70
26
27            <data android:mimeType="text/plain" />
27-->src\main\AndroidManifest.xml:42:13-50
27-->src\main\AndroidManifest.xml:42:19-48
28        </intent>
29    </queries>
30
31    <uses-permission android:name="android.permission.WAKE_LOCK" />
31-->[:firebase_messaging] AndroidManifest.xml:8:5-68
31-->[:firebase_messaging] AndroidManifest.xml:8:22-65
32    <uses-permission android:name="android.permission.ACCESS_NETWORK_STATE" /> <!-- Permissions options for the `notification` group -->
32-->[:firebase_messaging] AndroidManifest.xml:9:5-79
32-->[:firebase_messaging] AndroidManifest.xml:9:22-76
33    <uses-permission android:name="android.permission.POST_NOTIFICATIONS" /> <!-- Required by older versions of Google Play services to create IID tokens -->
33-->[:firebase_messaging] AndroidManifest.xml:11:5-77
33-->[:firebase_messaging] AndroidManifest.xml:11:22-74
34    <uses-permission android:name="com.google.android.c2dm.permission.RECEIVE" />
34-->[com.google.firebase:firebase-messaging:24.1.0] AndroidManifest.xml:26:5-82
34-->[com.google.firebase:firebase-messaging:24.1.0] AndroidManifest.xml:26:22-79
35    <uses-permission android:name="com.google.android.providers.gsf.permission.READ_GSERVICES" />
35-->[com.google.android.recaptcha:recaptcha:18.6.1] AndroidManifest.xml:9:5-98
35-->[com.google.android.recaptcha:recaptcha:18.6.1] AndroidManifest.xml:9:22-95
36
37    <permission
37-->[androidx.core:core:1.13.1] AndroidManifest.xml:22:5-24:47
38        android:name="com.deeptalk.app.deeptalk.DYNAMIC_RECEIVER_NOT_EXPORTED_PERMISSION"
38-->[androidx.core:core:1.13.1] AndroidManifest.xml:23:9-81
39        android:protectionLevel="signature" />
39-->[androidx.core:core:1.13.1] AndroidManifest.xml:24:9-44
40
41    <uses-permission android:name="com.deeptalk.app.deeptalk.DYNAMIC_RECEIVER_NOT_EXPORTED_PERMISSION" />
41-->[androidx.core:core:1.13.1] AndroidManifest.xml:26:5-97
41-->[androidx.core:core:1.13.1] AndroidManifest.xml:26:22-94
42
43    <application
44        android:name="android.app.Application"
45        android:appComponentFactory="androidx.core.app.CoreComponentFactory"
45-->[androidx.core:core:1.13.1] AndroidManifest.xml:28:18-86
46        android:debuggable="true"
47        android:extractNativeLibs="false"
48        android:icon="@mipmap/ic_launcher"
49        android:label="deeptalk" >
50        <activity
51            android:name="com.deeptalk.app.deeptalk.MainActivity"
52            android:configChanges="orientation|keyboardHidden|keyboard|screenSize|smallestScreenSize|locale|layoutDirection|fontScale|screenLayout|density|uiMode"
53            android:exported="true"
54            android:hardwareAccelerated="true"
55            android:launchMode="singleTop"
56            android:taskAffinity=""
57            android:theme="@style/LaunchTheme"
58            android:windowSoftInputMode="adjustResize" >
59
60            <!--
61                 Specifies an Android theme to apply to this Activity as soon as
62                 the Android process has started. This theme is visible to the user
63                 while the Flutter UI initializes. After that, this theme continues
64                 to determine the Window background behind the Flutter UI.
65            -->
66            <meta-data
67                android:name="io.flutter.embedding.android.NormalTheme"
68                android:resource="@style/NormalTheme" />
69
70            <intent-filter>
71                <action android:name="android.intent.action.MAIN" />
72
73                <category android:name="android.intent.category.LAUNCHER" />
74            </intent-filter>
75        </activity>
76        <!--
77             Don't delete the meta-data below.
78             This is used by the Flutter tool to generate GeneratedPluginRegistrant.java
79        -->
80        <meta-data
81            android:name="flutterEmbedding"
82            android:value="2" />
83
84        <service
84-->[:firebase_auth] AndroidManifest.xml:8:9-12:19
85            android:name="com.google.firebase.components.ComponentDiscoveryService"
85-->[:firebase_auth] AndroidManifest.xml:8:18-89
86            android:directBootAware="true"
86-->[com.google.firebase:firebase-common:21.0.0] AndroidManifest.xml:32:13-43
87            android:exported="false" >
87-->[com.google.firebase:firebase-messaging:24.1.0] AndroidManifest.xml:56:13-37
88            <meta-data
88-->[:firebase_auth] AndroidManifest.xml:9:13-11:85
89                android:name="com.google.firebase.components:io.flutter.plugins.firebase.auth.FlutterFirebaseAuthRegistrar"
89-->[:firebase_auth] AndroidManifest.xml:10:17-124
90                android:value="com.google.firebase.components.ComponentRegistrar" />
90-->[:firebase_auth] AndroidManifest.xml:11:17-82
91            <meta-data
91-->[:firebase_messaging] AndroidManifest.xml:36:13-38:85
92                android:name="com.google.firebase.components:io.flutter.plugins.firebase.messaging.FlutterFirebaseAppRegistrar"
92-->[:firebase_messaging] AndroidManifest.xml:37:17-128
93                android:value="com.google.firebase.components.ComponentRegistrar" />
93-->[:firebase_messaging] AndroidManifest.xml:38:17-82
94            <meta-data
94-->[:firebase_core] AndroidManifest.xml:9:13-11:85
95                android:name="com.google.firebase.components:io.flutter.plugins.firebase.core.FlutterFirebaseCoreRegistrar"
95-->[:firebase_core] AndroidManifest.xml:10:17-124
96                android:value="com.google.firebase.components.ComponentRegistrar" />
96-->[:firebase_core] AndroidManifest.xml:11:17-82
97            <meta-data
97-->[com.google.firebase:firebase-messaging:24.1.0] AndroidManifest.xml:57:13-59:85
98                android:name="com.google.firebase.components:com.google.firebase.messaging.FirebaseMessagingKtxRegistrar"
98-->[com.google.firebase:firebase-messaging:24.1.0] AndroidManifest.xml:58:17-122
99                android:value="com.google.firebase.components.ComponentRegistrar" />
99-->[com.google.firebase:firebase-messaging:24.1.0] AndroidManifest.xml:59:17-82
100            <meta-data
100-->[com.google.firebase:firebase-messaging:24.1.0] AndroidManifest.xml:60:13-62:85
101                android:name="com.google.firebase.components:com.google.firebase.messaging.FirebaseMessagingRegistrar"
101-->[com.google.firebase:firebase-messaging:24.1.0] AndroidManifest.xml:61:17-119
102                android:value="com.google.firebase.components.ComponentRegistrar" />
102-->[com.google.firebase:firebase-messaging:24.1.0] AndroidManifest.xml:62:17-82
103            <meta-data
103-->[com.google.firebase:firebase-auth:23.2.0] AndroidManifest.xml:69:13-71:85
104                android:name="com.google.firebase.components:com.google.firebase.auth.FirebaseAuthRegistrar"
104-->[com.google.firebase:firebase-auth:23.2.0] AndroidManifest.xml:70:17-109
105                android:value="com.google.firebase.components.ComponentRegistrar" />
105-->[com.google.firebase:firebase-auth:23.2.0] AndroidManifest.xml:71:17-82
106            <meta-data
106-->[com.google.firebase:firebase-installations:18.0.0] AndroidManifest.xml:15:13-17:85
107                android:name="com.google.firebase.components:com.google.firebase.installations.FirebaseInstallationsKtxRegistrar"
107-->[com.google.firebase:firebase-installations:18.0.0] AndroidManifest.xml:16:17-130
108                android:value="com.google.firebase.components.ComponentRegistrar" />
108-->[com.google.firebase:firebase-installations:18.0.0] AndroidManifest.xml:17:17-82
109            <meta-data
109-->[com.google.firebase:firebase-installations:18.0.0] AndroidManifest.xml:18:13-20:85
110                android:name="com.google.firebase.components:com.google.firebase.installations.FirebaseInstallationsRegistrar"
110-->[com.google.firebase:firebase-installations:18.0.0] AndroidManifest.xml:19:17-127
111                android:value="com.google.firebase.components.ComponentRegistrar" />
111-->[com.google.firebase:firebase-installations:18.0.0] AndroidManifest.xml:20:17-82
112            <meta-data
112-->[com.google.firebase:firebase-common-ktx:21.0.0] AndroidManifest.xml:12:13-14:85
113                android:name="com.google.firebase.components:com.google.firebase.ktx.FirebaseCommonLegacyRegistrar"
113-->[com.google.firebase:firebase-common-ktx:21.0.0] AndroidManifest.xml:13:17-116
114                android:value="com.google.firebase.components.ComponentRegistrar" />
114-->[com.google.firebase:firebase-common-ktx:21.0.0] AndroidManifest.xml:14:17-82
115            <meta-data
115-->[com.google.firebase:firebase-common:21.0.0] AndroidManifest.xml:35:13-37:85
116                android:name="com.google.firebase.components:com.google.firebase.FirebaseCommonKtxRegistrar"
116-->[com.google.firebase:firebase-common:21.0.0] AndroidManifest.xml:36:17-109
117                android:value="com.google.firebase.components.ComponentRegistrar" />
117-->[com.google.firebase:firebase-common:21.0.0] AndroidManifest.xml:37:17-82
118            <meta-data
118-->[com.google.firebase:firebase-datatransport:18.2.0] AndroidManifest.xml:25:13-27:85
119                android:name="com.google.firebase.components:com.google.firebase.datatransport.TransportRegistrar"
119-->[com.google.firebase:firebase-datatransport:18.2.0] AndroidManifest.xml:26:17-115
120                android:value="com.google.firebase.components.ComponentRegistrar" />
120-->[com.google.firebase:firebase-datatransport:18.2.0] AndroidManifest.xml:27:17-82
121        </service>
122        <service
122-->[:firebase_messaging] AndroidManifest.xml:14:9-17:72
123            android:name="io.flutter.plugins.firebase.messaging.FlutterFirebaseMessagingBackgroundService"
123-->[:firebase_messaging] AndroidManifest.xml:15:13-107
124            android:exported="false"
124-->[:firebase_messaging] AndroidManifest.xml:16:13-37
125            android:permission="android.permission.BIND_JOB_SERVICE" />
125-->[:firebase_messaging] AndroidManifest.xml:17:13-69
126        <service
126-->[:firebase_messaging] AndroidManifest.xml:18:9-24:19
127            android:name="io.flutter.plugins.firebase.messaging.FlutterFirebaseMessagingService"
127-->[:firebase_messaging] AndroidManifest.xml:19:13-97
128            android:exported="false" >
128-->[:firebase_messaging] AndroidManifest.xml:20:13-37
129            <intent-filter>
129-->[:firebase_messaging] AndroidManifest.xml:21:13-23:29
130                <action android:name="com.google.firebase.MESSAGING_EVENT" />
130-->[:firebase_messaging] AndroidManifest.xml:22:17-78
130-->[:firebase_messaging] AndroidManifest.xml:22:25-75
131            </intent-filter>
132        </service>
133
134        <receiver
134-->[:firebase_messaging] AndroidManifest.xml:26:9-33:20
135            android:name="io.flutter.plugins.firebase.messaging.FlutterFirebaseMessagingReceiver"
135-->[:firebase_messaging] AndroidManifest.xml:27:13-98
136            android:exported="true"
136-->[:firebase_messaging] AndroidManifest.xml:28:13-36
137            android:permission="com.google.android.c2dm.permission.SEND" >
137-->[:firebase_messaging] AndroidManifest.xml:29:13-73
138            <intent-filter>
138-->[:firebase_messaging] AndroidManifest.xml:30:13-32:29
139                <action android:name="com.google.android.c2dm.intent.RECEIVE" />
139-->[:firebase_messaging] AndroidManifest.xml:31:17-81
139-->[:firebase_messaging] AndroidManifest.xml:31:25-78
140            </intent-filter>
141        </receiver>
142
143        <provider
143-->[:firebase_messaging] AndroidManifest.xml:41:9-45:38
144            android:name="io.flutter.plugins.firebase.messaging.FlutterFirebaseMessagingInitProvider"
144-->[:firebase_messaging] AndroidManifest.xml:42:13-102
145            android:authorities="com.deeptalk.app.deeptalk.flutterfirebasemessaginginitprovider"
145-->[:firebase_messaging] AndroidManifest.xml:43:13-88
146            android:exported="false"
146-->[:firebase_messaging] AndroidManifest.xml:44:13-37
147            android:initOrder="99" />
147-->[:firebase_messaging] AndroidManifest.xml:45:13-35
148
149        <receiver
149-->[com.google.firebase:firebase-messaging:24.1.0] AndroidManifest.xml:29:9-40:20
150            android:name="com.google.firebase.iid.FirebaseInstanceIdReceiver"
150-->[com.google.firebase:firebase-messaging:24.1.0] AndroidManifest.xml:30:13-78
151            android:exported="true"
151-->[com.google.firebase:firebase-messaging:24.1.0] AndroidManifest.xml:31:13-36
152            android:permission="com.google.android.c2dm.permission.SEND" >
152-->[com.google.firebase:firebase-messaging:24.1.0] AndroidManifest.xml:32:13-73
153            <intent-filter>
153-->[:firebase_messaging] AndroidManifest.xml:30:13-32:29
154                <action android:name="com.google.android.c2dm.intent.RECEIVE" />
154-->[:firebase_messaging] AndroidManifest.xml:31:17-81
154-->[:firebase_messaging] AndroidManifest.xml:31:25-78
155            </intent-filter>
156
157            <meta-data
157-->[com.google.firebase:firebase-messaging:24.1.0] AndroidManifest.xml:37:13-39:40
158                android:name="com.google.android.gms.cloudmessaging.FINISHED_AFTER_HANDLED"
158-->[com.google.firebase:firebase-messaging:24.1.0] AndroidManifest.xml:38:17-92
159                android:value="true" />
159-->[com.google.firebase:firebase-messaging:24.1.0] AndroidManifest.xml:39:17-37
160        </receiver>
161        <!--
162             FirebaseMessagingService performs security checks at runtime,
163             but set to not exported to explicitly avoid allowing another app to call it.
164        -->
165        <service
165-->[com.google.firebase:firebase-messaging:24.1.0] AndroidManifest.xml:46:9-53:19
166            android:name="com.google.firebase.messaging.FirebaseMessagingService"
166-->[com.google.firebase:firebase-messaging:24.1.0] AndroidManifest.xml:47:13-82
167            android:directBootAware="true"
167-->[com.google.firebase:firebase-messaging:24.1.0] AndroidManifest.xml:48:13-43
168            android:exported="false" >
168-->[com.google.firebase:firebase-messaging:24.1.0] AndroidManifest.xml:49:13-37
169            <intent-filter android:priority="-500" >
169-->[:firebase_messaging] AndroidManifest.xml:21:13-23:29
170                <action android:name="com.google.firebase.MESSAGING_EVENT" />
170-->[:firebase_messaging] AndroidManifest.xml:22:17-78
170-->[:firebase_messaging] AndroidManifest.xml:22:25-75
171            </intent-filter>
172        </service>
173
174        <activity
174-->[com.google.firebase:firebase-auth:23.2.0] AndroidManifest.xml:29:9-46:20
175            android:name="com.google.firebase.auth.internal.GenericIdpActivity"
175-->[com.google.firebase:firebase-auth:23.2.0] AndroidManifest.xml:30:13-80
176            android:excludeFromRecents="true"
176-->[com.google.firebase:firebase-auth:23.2.0] AndroidManifest.xml:31:13-46
177            android:exported="true"
177-->[com.google.firebase:firebase-auth:23.2.0] AndroidManifest.xml:32:13-36
178            android:launchMode="singleTask"
178-->[com.google.firebase:firebase-auth:23.2.0] AndroidManifest.xml:33:13-44
179            android:theme="@android:style/Theme.Translucent.NoTitleBar" >
179-->[com.google.firebase:firebase-auth:23.2.0] AndroidManifest.xml:34:13-72
180            <intent-filter>
180-->[com.google.firebase:firebase-auth:23.2.0] AndroidManifest.xml:35:13-45:29
181                <action android:name="android.intent.action.VIEW" />
181-->[com.google.firebase:firebase-auth:23.2.0] AndroidManifest.xml:36:17-69
181-->[com.google.firebase:firebase-auth:23.2.0] AndroidManifest.xml:36:25-66
182
183                <category android:name="android.intent.category.DEFAULT" />
183-->[com.google.firebase:firebase-auth:23.2.0] AndroidManifest.xml:38:17-76
183-->[com.google.firebase:firebase-auth:23.2.0] AndroidManifest.xml:38:27-73
184                <category android:name="android.intent.category.BROWSABLE" />
184-->[com.google.firebase:firebase-auth:23.2.0] AndroidManifest.xml:39:17-78
184-->[com.google.firebase:firebase-auth:23.2.0] AndroidManifest.xml:39:27-75
185
186                <data
186-->src\main\AndroidManifest.xml:42:13-50
187                    android:host="firebase.auth"
188                    android:path="/"
189                    android:scheme="genericidp" />
190            </intent-filter>
191        </activity>
192        <activity
192-->[com.google.firebase:firebase-auth:23.2.0] AndroidManifest.xml:47:9-64:20
193            android:name="com.google.firebase.auth.internal.RecaptchaActivity"
193-->[com.google.firebase:firebase-auth:23.2.0] AndroidManifest.xml:48:13-79
194            android:excludeFromRecents="true"
194-->[com.google.firebase:firebase-auth:23.2.0] AndroidManifest.xml:49:13-46
195            android:exported="true"
195-->[com.google.firebase:firebase-auth:23.2.0] AndroidManifest.xml:50:13-36
196            android:launchMode="singleTask"
196-->[com.google.firebase:firebase-auth:23.2.0] AndroidManifest.xml:51:13-44
197            android:theme="@android:style/Theme.Translucent.NoTitleBar" >
197-->[com.google.firebase:firebase-auth:23.2.0] AndroidManifest.xml:52:13-72
198            <intent-filter>
198-->[com.google.firebase:firebase-auth:23.2.0] AndroidManifest.xml:53:13-63:29
199                <action android:name="android.intent.action.VIEW" />
199-->[com.google.firebase:firebase-auth:23.2.0] AndroidManifest.xml:36:17-69
199-->[com.google.firebase:firebase-auth:23.2.0] AndroidManifest.xml:36:25-66
200
201                <category android:name="android.intent.category.DEFAULT" />
201-->[com.google.firebase:firebase-auth:23.2.0] AndroidManifest.xml:38:17-76
201-->[com.google.firebase:firebase-auth:23.2.0] AndroidManifest.xml:38:27-73
202                <category android:name="android.intent.category.BROWSABLE" />
202-->[com.google.firebase:firebase-auth:23.2.0] AndroidManifest.xml:39:17-78
202-->[com.google.firebase:firebase-auth:23.2.0] AndroidManifest.xml:39:27-75
203
204                <data
204-->src\main\AndroidManifest.xml:42:13-50
205                    android:host="firebase.auth"
206                    android:path="/"
207                    android:scheme="recaptcha" />
208            </intent-filter>
209        </activity>
210
211        <service
211-->[androidx.credentials:credentials-play-services-auth:1.2.0-rc01] AndroidManifest.xml:24:9-32:19
212            android:name="androidx.credentials.playservices.CredentialProviderMetadataHolder"
212-->[androidx.credentials:credentials-play-services-auth:1.2.0-rc01] AndroidManifest.xml:25:13-94
213            android:enabled="true"
213-->[androidx.credentials:credentials-play-services-auth:1.2.0-rc01] AndroidManifest.xml:26:13-35
214            android:exported="false" >
214-->[androidx.credentials:credentials-play-services-auth:1.2.0-rc01] AndroidManifest.xml:27:13-37
215            <meta-data
215-->[androidx.credentials:credentials-play-services-auth:1.2.0-rc01] AndroidManifest.xml:29:13-31:104
216                android:name="androidx.credentials.CREDENTIAL_PROVIDER_KEY"
216-->[androidx.credentials:credentials-play-services-auth:1.2.0-rc01] AndroidManifest.xml:30:17-76
217                android:value="androidx.credentials.playservices.CredentialProviderPlayServicesImpl" />
217-->[androidx.credentials:credentials-play-services-auth:1.2.0-rc01] AndroidManifest.xml:31:17-101
218        </service>
219
220        <activity
220-->[androidx.credentials:credentials-play-services-auth:1.2.0-rc01] AndroidManifest.xml:34:9-41:20
221            android:name="androidx.credentials.playservices.HiddenActivity"
221-->[androidx.credentials:credentials-play-services-auth:1.2.0-rc01] AndroidManifest.xml:35:13-76
222            android:configChanges="orientation|screenSize|screenLayout|keyboardHidden"
222-->[androidx.credentials:credentials-play-services-auth:1.2.0-rc01] AndroidManifest.xml:36:13-87
223            android:enabled="true"
223-->[androidx.credentials:credentials-play-services-auth:1.2.0-rc01] AndroidManifest.xml:37:13-35
224            android:exported="false"
224-->[androidx.credentials:credentials-play-services-auth:1.2.0-rc01] AndroidManifest.xml:38:13-37
225            android:fitsSystemWindows="true"
225-->[androidx.credentials:credentials-play-services-auth:1.2.0-rc01] AndroidManifest.xml:39:13-45
226            android:theme="@style/Theme.Hidden" >
226-->[androidx.credentials:credentials-play-services-auth:1.2.0-rc01] AndroidManifest.xml:40:13-48
227        </activity>
228        <activity
228-->[com.google.android.gms:play-services-auth:20.7.0] AndroidManifest.xml:23:9-27:75
229            android:name="com.google.android.gms.auth.api.signin.internal.SignInHubActivity"
229-->[com.google.android.gms:play-services-auth:20.7.0] AndroidManifest.xml:24:13-93
230            android:excludeFromRecents="true"
230-->[com.google.android.gms:play-services-auth:20.7.0] AndroidManifest.xml:25:13-46
231            android:exported="false"
231-->[com.google.android.gms:play-services-auth:20.7.0] AndroidManifest.xml:26:13-37
232            android:theme="@android:style/Theme.Translucent.NoTitleBar" />
232-->[com.google.android.gms:play-services-auth:20.7.0] AndroidManifest.xml:27:13-72
233        <!--
234            Service handling Google Sign-In user revocation. For apps that do not integrate with
235            Google Sign-In, this service will never be started.
236        -->
237        <service
237-->[com.google.android.gms:play-services-auth:20.7.0] AndroidManifest.xml:33:9-37:51
238            android:name="com.google.android.gms.auth.api.signin.RevocationBoundService"
238-->[com.google.android.gms:play-services-auth:20.7.0] AndroidManifest.xml:34:13-89
239            android:exported="true"
239-->[com.google.android.gms:play-services-auth:20.7.0] AndroidManifest.xml:35:13-36
240            android:permission="com.google.android.gms.auth.api.signin.permission.REVOCATION_NOTIFICATION"
240-->[com.google.android.gms:play-services-auth:20.7.0] AndroidManifest.xml:36:13-107
241            android:visibleToInstantApps="true" />
241-->[com.google.android.gms:play-services-auth:20.7.0] AndroidManifest.xml:37:13-48
242
243        <provider
243-->[com.google.firebase:firebase-common:21.0.0] AndroidManifest.xml:23:9-28:39
244            android:name="com.google.firebase.provider.FirebaseInitProvider"
244-->[com.google.firebase:firebase-common:21.0.0] AndroidManifest.xml:24:13-77
245            android:authorities="com.deeptalk.app.deeptalk.firebaseinitprovider"
245-->[com.google.firebase:firebase-common:21.0.0] AndroidManifest.xml:25:13-72
246            android:directBootAware="true"
246-->[com.google.firebase:firebase-common:21.0.0] AndroidManifest.xml:26:13-43
247            android:exported="false"
247-->[com.google.firebase:firebase-common:21.0.0] AndroidManifest.xml:27:13-37
248            android:initOrder="100" />
248-->[com.google.firebase:firebase-common:21.0.0] AndroidManifest.xml:28:13-36
249
250        <activity
250-->[com.google.android.gms:play-services-base:18.0.1] AndroidManifest.xml:20:9-22:45
251            android:name="com.google.android.gms.common.api.GoogleApiActivity"
251-->[com.google.android.gms:play-services-base:18.0.1] AndroidManifest.xml:20:19-85
252            android:exported="false"
252-->[com.google.android.gms:play-services-base:18.0.1] AndroidManifest.xml:22:19-43
253            android:theme="@android:style/Theme.Translucent.NoTitleBar" />
253-->[com.google.android.gms:play-services-base:18.0.1] AndroidManifest.xml:21:19-78
254
255        <uses-library
255-->[androidx.window:window:1.2.0] AndroidManifest.xml:23:9-25:40
256            android:name="androidx.window.extensions"
256-->[androidx.window:window:1.2.0] AndroidManifest.xml:24:13-54
257            android:required="false" />
257-->[androidx.window:window:1.2.0] AndroidManifest.xml:25:13-37
258        <uses-library
258-->[androidx.window:window:1.2.0] AndroidManifest.xml:26:9-28:40
259            android:name="androidx.window.sidecar"
259-->[androidx.window:window:1.2.0] AndroidManifest.xml:27:13-51
260            android:required="false" />
260-->[androidx.window:window:1.2.0] AndroidManifest.xml:28:13-37
261
262        <meta-data
262-->[com.google.android.gms:play-services-basement:18.4.0] AndroidManifest.xml:6:9-122
263            android:name="com.google.android.gms.version"
263-->[com.google.android.gms:play-services-basement:18.4.0] AndroidManifest.xml:6:20-65
264            android:value="@integer/google_play_services_version" />
264-->[com.google.android.gms:play-services-basement:18.4.0] AndroidManifest.xml:6:66-119
265
266        <provider
266-->[androidx.lifecycle:lifecycle-process:2.7.0] AndroidManifest.xml:24:9-32:20
267            android:name="androidx.startup.InitializationProvider"
267-->[androidx.lifecycle:lifecycle-process:2.7.0] AndroidManifest.xml:25:13-67
268            android:authorities="com.deeptalk.app.deeptalk.androidx-startup"
268-->[androidx.lifecycle:lifecycle-process:2.7.0] AndroidManifest.xml:26:13-68
269            android:exported="false" >
269-->[androidx.lifecycle:lifecycle-process:2.7.0] AndroidManifest.xml:27:13-37
270            <meta-data
270-->[androidx.lifecycle:lifecycle-process:2.7.0] AndroidManifest.xml:29:13-31:52
271                android:name="androidx.lifecycle.ProcessLifecycleInitializer"
271-->[androidx.lifecycle:lifecycle-process:2.7.0] AndroidManifest.xml:30:17-78
272                android:value="androidx.startup" />
272-->[androidx.lifecycle:lifecycle-process:2.7.0] AndroidManifest.xml:31:17-49
273            <meta-data
273-->[androidx.profileinstaller:profileinstaller:1.3.1] AndroidManifest.xml:29:13-31:52
274                android:name="androidx.profileinstaller.ProfileInstallerInitializer"
274-->[androidx.profileinstaller:profileinstaller:1.3.1] AndroidManifest.xml:30:17-85
275                android:value="androidx.startup" />
275-->[androidx.profileinstaller:profileinstaller:1.3.1] AndroidManifest.xml:31:17-49
276        </provider>
277
278        <service
278-->[com.google.android.datatransport:transport-backend-cct:3.1.9] AndroidManifest.xml:28:9-34:19
279            android:name="com.google.android.datatransport.runtime.backends.TransportBackendDiscovery"
279-->[com.google.android.datatransport:transport-backend-cct:3.1.9] AndroidManifest.xml:29:13-103
280            android:exported="false" >
280-->[com.google.android.datatransport:transport-backend-cct:3.1.9] AndroidManifest.xml:30:13-37
281            <meta-data
281-->[com.google.android.datatransport:transport-backend-cct:3.1.9] AndroidManifest.xml:31:13-33:39
282                android:name="backend:com.google.android.datatransport.cct.CctBackendFactory"
282-->[com.google.android.datatransport:transport-backend-cct:3.1.9] AndroidManifest.xml:32:17-94
283                android:value="cct" />
283-->[com.google.android.datatransport:transport-backend-cct:3.1.9] AndroidManifest.xml:33:17-36
284        </service>
285        <service
285-->[com.google.android.datatransport:transport-runtime:3.1.9] AndroidManifest.xml:26:9-30:19
286            android:name="com.google.android.datatransport.runtime.scheduling.jobscheduling.JobInfoSchedulerService"
286-->[com.google.android.datatransport:transport-runtime:3.1.9] AndroidManifest.xml:27:13-117
287            android:exported="false"
287-->[com.google.android.datatransport:transport-runtime:3.1.9] AndroidManifest.xml:28:13-37
288            android:permission="android.permission.BIND_JOB_SERVICE" >
288-->[com.google.android.datatransport:transport-runtime:3.1.9] AndroidManifest.xml:29:13-69
289        </service>
290
291        <receiver
291-->[com.google.android.datatransport:transport-runtime:3.1.9] AndroidManifest.xml:32:9-34:40
292            android:name="com.google.android.datatransport.runtime.scheduling.jobscheduling.AlarmManagerSchedulerBroadcastReceiver"
292-->[com.google.android.datatransport:transport-runtime:3.1.9] AndroidManifest.xml:33:13-132
293            android:exported="false" />
293-->[com.google.android.datatransport:transport-runtime:3.1.9] AndroidManifest.xml:34:13-37
294        <receiver
294-->[androidx.profileinstaller:profileinstaller:1.3.1] AndroidManifest.xml:34:9-52:20
295            android:name="androidx.profileinstaller.ProfileInstallReceiver"
295-->[androidx.profileinstaller:profileinstaller:1.3.1] AndroidManifest.xml:35:13-76
296            android:directBootAware="false"
296-->[androidx.profileinstaller:profileinstaller:1.3.1] AndroidManifest.xml:36:13-44
297            android:enabled="true"
297-->[androidx.profileinstaller:profileinstaller:1.3.1] AndroidManifest.xml:37:13-35